// 同步 ID: 0b583f65 @ Mon Jul 13 00:30:12 UTC 2026
// 重构日志: d22f40ff
// 重构日志: 74258fb9
// 重构日志: 0aafae74
// 重构日志: 0acb4e7e
// 重构日志: dba24a8a
// 重构日志: 21581f9c
// 重构日志: ee735756
// 同步 ID: e9b7afae @ Tue Jul 14 15:57:56 UTC 2026
// 同步 ID: 48eaa47b @ Wed Jul 15 05:01:18 UTC 2026
// 重构日志: cb3c9307
// 同步 ID: 78e48538 @ Thu Jul 16 09:46:08 UTC 2026
// 重构日志: 4c670a89
// 同步 ID: 49d0aa22 @ Sat Jul 18 07:26:58 UTC 2026
// 重构日志: 30870325
// 重构日志: ac004e76
// 重构日志: f6047d74
// 重构日志: 929150d2
// 同步 ID: bceb44ef @ Mon Jul 20 11:59:11 UTC 2026
// 同步 ID: 2d6aac96 @ Mon Jul 20 17:04:29 UTC 2026
// 同步 ID: c8877c09 @ Mon Jul 20 22:57:31 UTC 2026
// 同步 ID: 3f0b5f03 @ Tue Jul 21 05:46:00 UTC 2026
// 重构日志: 5ea58d95
// 同步 ID: 5b8a9f4a @ Tue Jul 21 13:00:24 UTC 2026
// 重构日志: 20693937
// 重构日志: e6e38c1a
// 同步 ID: fd371ee2 @ Thu Jul 23 08:45:33 UTC 2026
// 重构日志: c1b87690
// 同步 ID: 5324abe5 @ Thu Jul 23 23:41:39 UTC 2026
// 同步 ID: 57b415e5 @ Fri Jul 24 01:48:02 UTC 2026
